<?xml version="1.0" encoding="UTF-8"?>
<testsuite name="realizar el proceso de compra completo" tests="1" skipped="0" failures="1" errors="0" timestamp="2019-12-13T02:50:09" hostname="DESKTOP-HFRMDRT" time="20.702">
  <properties/>
  <testcase name="ana inicia se registra en la pagina y realiza una compra exitosamente" classname="realizar el proceso de compra completo" time="20.702">
    <failure message="java.lang.AssertionError: &#10;Expected: an element that is visible&#10;     but: no matching element found by id: id_gender1" type="java.lang.AssertionError">java.lang.AssertionError: 
Expected: an element that is visible
     but: no matching element found by id: id_gender1
	at net.serenitybdd.screenplay.ErrorTally.throwSummaryExceptionFrom(ErrorTally.java:36)
	at net.serenitybdd.screenplay.ErrorTally.reportAnyErrors(ErrorTally.java:30)
	at net.serenitybdd.screenplay.Actor.should(Actor.java:301)
	at net.serenitybdd.screenplay.waits.WaitUntilTargetIsReady.performAs(WaitUntilTargetIsReady.java:27)
	at net.serenitybdd.screenplay.waits.WaitUntilTargetIsReady$$EnhancerByCGLIB$$ee0d67ad.CGLIB$performAs$0(&lt;generated&gt;)
	at net.serenitybdd.screenplay.waits.WaitUntilTargetIsReady$$EnhancerByCGLIB$$ee0d67ad$$FastClassByCGLIB$$748b1083.invoke(&lt;generated&gt;)
	at net.sf.cglib.proxy.MethodProxy.invokeSuper(MethodProxy.java:228)
	at net.thucydides.core.steps.StepInterceptor.invokeMethod(StepInterceptor.java:461)
	at net.thucydides.core.steps.StepInterceptor.runBaseObjectMethod(StepInterceptor.java:364)
	at net.thucydides.core.steps.StepInterceptor.intercept(StepInterceptor.java:67)
	at net.serenitybdd.screenplay.waits.WaitUntilTargetIsReady$$EnhancerByCGLIB$$ee0d67ad.performAs(&lt;generated&gt;)
	at net.serenitybdd.screenplay.Actor.performTask(Actor.java:233)
	at net.serenitybdd.screenplay.Actor.perform(Actor.java:214)
	at net.serenitybdd.screenplay.Actor.performSilently(Actor.java:194)
	at net.serenitybdd.screenplay.Actor.attemptsTo(Actor.java:167)
	at co.com.prueba.qvision.tasks.RegistroUsuario.performAs(RegistroUsuario.java:29)
	at co.com.prueba.qvision.tasks.RegistroUsuario$$EnhancerByCGLIB$$944d7ec.CGLIB$performAs$0(&lt;generated&gt;)
	at co.com.prueba.qvision.tasks.RegistroUsuario$$EnhancerByCGLIB$$944d7ec$$FastClassByCGLIB$$792a223c.invoke(&lt;generated&gt;)
	at net.sf.cglib.proxy.MethodProxy.invokeSuper(MethodProxy.java:228)
	at net.thucydides.core.steps.StepInterceptor.invokeMethod(StepInterceptor.java:461)
	at net.thucydides.core.steps.StepInterceptor.executeTestStepMethod(StepInterceptor.java:446)
	at net.thucydides.core.steps.StepInterceptor.runTestStep(StepInterceptor.java:421)
	at net.thucydides.core.steps.StepInterceptor.runOrSkipMethod(StepInterceptor.java:176)
	at net.thucydides.core.steps.StepInterceptor.testStepResult(StepInterceptor.java:163)
	at net.thucydides.core.steps.StepInterceptor.intercept(StepInterceptor.java:69)
	at co.com.prueba.qvision.tasks.RegistroUsuario$$EnhancerByCGLIB$$944d7ec.performAs(&lt;generated&gt;)
	at net.serenitybdd.screenplay.Actor.performTask(Actor.java:233)
	at net.serenitybdd.screenplay.Actor.perform(Actor.java:214)
	at net.serenitybdd.screenplay.Actor.attemptsTo(Actor.java:171)
	at co.com.qvision.test.stepdefinitions.PruebaQVisionStepDefinitions.meganSeRegistraEnLaPaginaConSusDatosBasicosNombreApellidoYTelefonoYSuEmail(PruebaQVisionStepDefinitions.java:28)
	at ✽.megan se registra en la pagina con sus datos basicos nombre &quot;Luis Fernando&quot; apellido &quot;Mercado&quot; y telefono &quot;3185548721&quot; y su email &quot;correo@correo.com&quot;(src/test/resources/features/prueba_QVision.feature:4)
</failure>
  </testcase>
  <system-out><![CDATA[]]></system-out>
  <system-err><![CDATA[[Test worker] INFO net.thucydides.core.steps.ConsoleLoggingListener - STARTING STEP Given megan se registra en la pagina con sus datos basicos nombre "Luis Fernando" apellido "Mercado" y telefono "3185548721" y su email "correo@correo.com"
[Test worker] INFO net.thucydides.core.steps.ConsoleLoggingListener - STARTING STEP Megan ingresa a la url principal 
[Test worker] INFO net.thucydides.core.steps.ConsoleLoggingListener - STARTING STEP Megan opens the http://automationpractice.com/index.php
dic 12, 2019 9:50:09 PM org.openqa.selenium.remote.DesiredCapabilities chrome
INFORMACIÓN: Using `new ChromeOptions()` is preferred to `DesiredCapabilities.chrome()`
[Test worker] INFO net.serenitybdd.core.webdriver.driverproviders.ProvideNewDriver - Instantiating driver
[Test worker] INFO net.serenitybdd.core.webdriver.driverproviders.ProvideNewDriver - Driver capabilities: Capabilities {acceptInsecureCerts: false, browserName: chrome, chrome.switches: --incognito --lang=es,--dis..., goog:chromeOptions: {args: [--incognito, --lang=es, --disable-popup-blocking, --disable-download-notifica..., --start-maximized, --test-type, --ignore-certificate-errors, --allow-running-insecure-co..., --disable-translate, --always-authorize-plugins, --disable-extensions, --enable-automation, --test-type], extensions: []}, loggingPrefs: org.openqa.selenium.logging..., platform: ANY, version: }
Starting ChromeDriver 79.0.3945.36 (3582db32b33893869b8c1339e8f4d9ed1816f143-refs/branch-heads/3945@{#614}) on port 7707
Only local connections are allowed.
Please protect ports used by ChromeDriver and related test frameworks to prevent access by malicious code.
dic 12, 2019 9:50:13 PM org.openqa.selenium.remote.ProtocolHandshake createSession
INFORMACIÓN: Detected dialect: W3C
[Test worker] INFO net.thucydides.core.steps.ConsoleLoggingListener - FINISHING STEP
[Test worker] INFO net.thucydides.core.steps.ConsoleLoggingListener - FINISHING STEP
[Test worker] INFO net.thucydides.core.steps.ConsoleLoggingListener - STARTING STEP {1} un usuario se registra 
[Test worker] INFO net.thucydides.core.steps.ConsoleLoggingListener - STARTING STEP Megan clicks on Boton de iniciar sesion
[Test worker] INFO net.thucydides.core.steps.ConsoleLoggingListener - FINISHING STEP
[Test worker] INFO net.thucydides.core.steps.ConsoleLoggingListener - STARTING STEP Megan enters 'correo@correo.com' into Campo ingresar correo
[Test worker] INFO net.thucydides.core.steps.ConsoleLoggingListener - FINISHING STEP
[Test worker] INFO net.thucydides.core.steps.ConsoleLoggingListener - STARTING STEP Megan clicks on Boton Crear Cuenta
[Test worker] INFO net.thucydides.core.steps.ConsoleLoggingListener - FINISHING STEP
[Test worker] INFO net.thucydides.core.steps.ConsoleLoggingListener - ?[91mSTEP FAILURE: java.lang.AssertionError: 
Expected: an element that is visible
     but: no matching element found by id: id_gender1?[0m
[Test worker] INFO net.thucydides.core.steps.ConsoleLoggingListener - ?[91mSTEP FAILURE: java.lang.AssertionError: 
Expected: an element that is visible
     but: no matching element found by id: id_gender1?[0m
[Test worker] INFO net.thucydides.core.steps.ConsoleLoggingListener - ?[91mSTEP FAILURE: java.lang.AssertionError: 
Expected: an element that is visible
     but: no matching element found by id: id_gender1?[0m
[Test worker] INFO net.thucydides.core.steps.ConsoleLoggingListener - ?[91mSTEP FAILURE: java.lang.AssertionError: 
Expected: an element that is visible
     but: no matching element found by id: id_gender1?[0m
[Test worker] INFO net.thucydides.core.steps.ConsoleLoggingListener - STARTING STEP When realiza una compra exitosamente
[Test worker] INFO net.thucydides.core.steps.ConsoleLoggingListener - ?[33mIGNORING STEP?[0m
[Test worker] INFO net.thucydides.core.steps.ConsoleLoggingListener - STARTING STEP Then debe de generar un comprobante de compra
[Test worker] INFO net.thucydides.core.steps.ConsoleLoggingListener - ?[33mIGNORING STEP?[0m
[Test worker] INFO net.thucydides.core.steps.ConsoleLoggingListener - ?[91mSTEP FAILURE: java.lang.AssertionError: 
Expected: an element that is visible
     but: no matching element found by id: id_gender1?[0m
[Test worker] ERROR net.thucydides.core.steps.ConsoleLoggingListener - ?[91m
           __  _____ _____ ____ _____   _____ _    ___ _     _____ ____  
  _       / / |_   _| ____/ ___|_   _| |  ___/ \  |_ _| |   | ____|  _ \ 
 (_)_____| |    | | |  _| \___ \ | |   | |_ / _ \  | || |   |  _| | | | |
  _|_____| |    | | | |___ ___) || |   |  _/ ___ \ | || |___| |___| |_| |
 (_)     | |    |_| |_____|____/ |_|   |_|/_/   \_\___|_____|_____|____/ 
          \_\                                                            

TEST FAILED: ana inicia se registra en la pagina y realiza una compra exitosamente
--------------------------------------------------------------------------?[0m
[Test worker] ERROR net.thucydides.core.steps.ConsoleLoggingListener - ?[91mTEST FAILED AT STEP {1} un usuario se registra?[0m
[Test worker] ERROR net.thucydides.core.steps.ConsoleLoggingListener - Expected: an element that is visible but: no matching element found by id: id_gender1
]]></system-err>
</testsuite>
